<?xml version="1.0" encoding="UTF-8"?>
<testng-results ignored="0" total="1" passed="1" failed="0" skipped="0">
  <reporter-output>
  </reporter-output>
  <suite started-at="2022-09-13T12:55:07 IST" name="Default suite" finished-at="2022-09-13T12:56:17 IST" duration-ms="70399">
    <groups>
    </groups>
    <test started-at="2022-09-13T12:55:07 IST" name="Default test" finished-at="2022-09-13T12:56:17 IST" duration-ms="70399">
      <class name="test.Valid_Login">
        <test-method is-config="true" signature="beforeMethod()[pri:0, instance:test.Valid_Login@74f0ea28]" started-at="2022-09-13T12:55:07 IST" name="beforeMethod" finished-at="2022-09-13T12:56:16 IST" duration-ms="68914" status="PASS">
          <reporter-output>
          </reporter-output>
        </test-method> <!-- beforeMethod -->
        <test-method signature="validLogin()[pri:0, instance:test.Valid_Login@74f0ea28]" started-at="2022-09-13T12:56:16 IST" name="validLogin" finished-at="2022-09-13T12:56:17 IST" duration-ms="1404" status="PASS">
          <reporter-output>
          </reporter-output>
        </test-method> <!-- validLogin -->
      </class> <!-- test.Valid_Login -->
    </test> <!-- Default test -->
  </suite> <!-- Default suite -->
</testng-results>
